This is pdfTeX, Version 3.14159265-2.6-1.40.16 (TeX Live 2015/W32TeX) (preloaded format=pdflatex 2015.11.24)  23 MAY 2016 15:16
entering extended mode
 restricted \write18 enabled.
 %&-line parsing enabled.
**./Jonah.Resume.tex
(./Jonah.Resume.tex
LaTeX2e <2015/10/01> patch level 2
Babel <3.9m> and hyphenation patterns for 79 languages loaded.
(./resume.cls
Document Class: resume 2010/07/10 v0.9 Resume class
(c:/texlive/2015/texmf-dist/tex/latex/base/article.cls
Document Class: article 2014/09/29 v1.4h Standard LaTeX document class
(c:/texlive/2015/texmf-dist/tex/latex/base/size11.clo
File: size11.clo 2014/09/29 v1.4h Standard LaTeX file (size option)
)
\c@part=\count79
\c@section=\count80
\c@subsection=\count81
\c@subsubsection=\count82
\c@paragraph=\count83
\c@subparagraph=\count84
\c@figure=\count85
\c@table=\count86
\abovecaptionskip=\skip41
\belowcaptionskip=\skip42
\bibindent=\dimen102
)
(c:/texlive/2015/texmf-dist/tex/latex/parskip/parskip.sty
Package: parskip 2001/04/09 non-zero parskip adjustments
)
(c:/texlive/2015/texmf-dist/tex/latex/tools/array.sty
Package: array 2014/10/28 v2.4c Tabular extension package (FMi)
\col@sep=\dimen103
\extrarowheight=\dimen104
\NC@list=\toks14
\extratabsurround=\skip43
\backup@length=\skip44
)
(c:/texlive/2015/texmf-dist/tex/latex/base/ifthen.sty
Package: ifthen 2014/09/29 v1.1c Standard LaTeX ifthen package (DPC)
))
(c:/texlive/2015/texmf-dist/tex/latex/geometry/geometry.sty
Package: geometry 2010/09/12 v5.6 Page Geometry

(c:/texlive/2015/texmf-dist/tex/latex/graphics/keyval.sty
Package: keyval 2014/10/28 v1.15 key=value parser (DPC)
\KV@toks@=\toks15
)
(c:/texlive/2015/texmf-dist/tex/generic/oberdiek/ifpdf.sty
Package: ifpdf 2011/01/30 v2.3 Provides the ifpdf switch (HO)
Package ifpdf Info: pdfTeX in PDF mode is detected.
)
(c:/texlive/2015/texmf-dist/tex/generic/oberdiek/ifvtex.sty
Package: ifvtex 2010/03/01 v1.5 Detect VTeX and its facilities (HO)
Package ifvtex Info: VTeX not detected.
)
(c:/texlive/2015/texmf-dist/tex/generic/ifxetex/ifxetex.sty
Package: ifxetex 2010/09/12 v0.6 Provides ifxetex conditional
)
\Gm@cnth=\count87
\Gm@cntv=\count88
\c@Gm@tempcnt=\count89
\Gm@bindingoffset=\dimen105
\Gm@wd@mp=\dimen106
\Gm@odd@mp=\dimen107
\Gm@even@mp=\dimen108
\Gm@layoutwidth=\dimen109
\Gm@layoutheight=\dimen110
\Gm@layouthoffset=\dimen111
\Gm@layoutvoffset=\dimen112
\Gm@dimlist=\toks16
)
(c:/texlive/2015/texmf-dist/tex/latex/base/fontenc.sty
Package: fontenc 2005/09/27 v1.99g Standard LaTeX package

(c:/texlive/2015/texmf-dist/tex/latex/base/t1enc.def
File: t1enc.def 2005/09/27 v1.99g Standard LaTeX file
LaTeX Font Info:    Redeclaring font encoding T1 on input line 48.
))
(c:/texlive/2015/texmf-dist/tex/latex/lm/lmodern.sty
Package: lmodern 2009/10/30 v1.6 Latin Modern Fonts
LaTeX Font Info:    Overwriting symbol font `operators' in version `normal'
(Font)                  OT1/cmr/m/n --> OT1/lmr/m/n on input line 22.
LaTeX Font Info:    Overwriting symbol font `letters' in version `normal'
(Font)                  OML/cmm/m/it --> OML/lmm/m/it on input line 23.
LaTeX Font Info:    Overwriting symbol font `symbols' in version `normal'
(Font)                  OMS/cmsy/m/n --> OMS/lmsy/m/n on input line 24.
LaTeX Font Info:    Overwriting symbol font `largesymbols' in version `normal'
(Font)                  OMX/cmex/m/n --> OMX/lmex/m/n on input line 25.
LaTeX Font Info:    Overwriting symbol font `operators' in version `bold'
(Font)                  OT1/cmr/bx/n --> OT1/lmr/bx/n on input line 26.
LaTeX Font Info:    Overwriting symbol font `letters' in version `bold'
(Font)                  OML/cmm/b/it --> OML/lmm/b/it on input line 27.
LaTeX Font Info:    Overwriting symbol font `symbols' in version `bold'
(Font)                  OMS/cmsy/b/n --> OMS/lmsy/b/n on input line 28.
LaTeX Font Info:    Overwriting symbol font `largesymbols' in version `bold'
(Font)                  OMX/cmex/m/n --> OMX/lmex/m/n on input line 29.
LaTeX Font Info:    Overwriting math alphabet `\mathbf' in version `normal'
(Font)                  OT1/cmr/bx/n --> OT1/lmr/bx/n on input line 31.
LaTeX Font Info:    Overwriting math alphabet `\mathsf' in version `normal'
(Font)                  OT1/cmss/m/n --> OT1/lmss/m/n on input line 32.
LaTeX Font Info:    Overwriting math alphabet `\mathit' in version `normal'
(Font)                  OT1/cmr/m/it --> OT1/lmr/m/it on input line 33.
LaTeX Font Info:    Overwriting math alphabet `\mathtt' in version `normal'
(Font)                  OT1/cmtt/m/n --> OT1/lmtt/m/n on input line 34.
LaTeX Font Info:    Overwriting math alphabet `\mathbf' in version `bold'
(Font)                  OT1/cmr/bx/n --> OT1/lmr/bx/n on input line 35.
LaTeX Font Info:    Overwriting math alphabet `\mathsf' in version `bold'
(Font)                  OT1/cmss/bx/n --> OT1/lmss/bx/n on input line 36.
LaTeX Font Info:    Overwriting math alphabet `\mathit' in version `bold'
(Font)                  OT1/cmr/bx/it --> OT1/lmr/bx/it on input line 37.
LaTeX Font Info:    Overwriting math alphabet `\mathtt' in version `bold'
(Font)                  OT1/cmtt/m/n --> OT1/lmtt/m/n on input line 38.
)
(c:/texlive/2015/texmf-dist/tex/latex/graphics/graphicx.sty
Package: graphicx 2014/10/28 v1.0g Enhanced LaTeX Graphics (DPC,SPQR)

(c:/texlive/2015/texmf-dist/tex/latex/graphics/graphics.sty
Package: graphics 2014/10/28 v1.0p Standard LaTeX Graphics (DPC,SPQR)

(c:/texlive/2015/texmf-dist/tex/latex/graphics/trig.sty
Package: trig 1999/03/16 v1.09 sin cos tan (DPC)
)
(c:/texlive/2015/texmf-dist/tex/latex/latexconfig/graphics.cfg
File: graphics.cfg 2010/04/23 v1.9 graphics configuration of TeX Live
)
Package graphics Info: Driver file: pdftex.def on input line 94.

(c:/texlive/2015/texmf-dist/tex/latex/pdftex-def/pdftex.def
File: pdftex.def 2011/05/27 v0.06d Graphics/color for pdfTeX

(c:/texlive/2015/texmf-dist/tex/generic/oberdiek/infwarerr.sty
Package: infwarerr 2010/04/08 v1.3 Providing info/warning/error messages (HO)
)
(c:/texlive/2015/texmf-dist/tex/generic/oberdiek/ltxcmds.sty
Package: ltxcmds 2011/11/09 v1.22 LaTeX kernel commands for general use (HO)
)
\Gread@gobject=\count90
))
\Gin@req@height=\dimen113
\Gin@req@width=\dimen114
)
(c:/texlive/2015/texmf-dist/tex/latex/hyperref/hyperref.sty
Package: hyperref 2012/11/06 v6.83m Hypertext links for LaTeX

(c:/texlive/2015/texmf-dist/tex/generic/oberdiek/hobsub-hyperref.sty
Package: hobsub-hyperref 2012/05/28 v1.13 Bundle oberdiek, subset hyperref (HO)


(c:/texlive/2015/texmf-dist/tex/generic/oberdiek/hobsub-generic.sty
Package: hobsub-generic 2012/05/28 v1.13 Bundle oberdiek, subset generic (HO)
Package: hobsub 2012/05/28 v1.13 Construct package bundles (HO)
Package hobsub Info: Skipping package `infwarerr' (already loaded).
Package hobsub Info: Skipping package `ltxcmds' (already loaded).
Package: ifluatex 2010/03/01 v1.3 Provides the ifluatex switch (HO)
Package ifluatex Info: LuaTeX not detected.
Package hobsub Info: Skipping package `ifvtex' (already loaded).
Package: intcalc 2007/09/27 v1.1 Expandable calculations with integers (HO)
Package hobsub Info: Skipping package `ifpdf' (already loaded).
Package: etexcmds 2011/02/16 v1.5 Avoid name clashes with e-TeX commands (HO)
Package etexcmds Info: Could not find \expanded.
(etexcmds)             That can mean that you are not using pdfTeX 1.50 or
(etexcmds)             that some package has redefined \expanded.
(etexcmds)             In the latter case, load this package earlier.
Package: kvsetkeys 2012/04/25 v1.16 Key value parser (HO)
Package: kvdefinekeys 2011/04/07 v1.3 Define keys (HO)
Package: pdftexcmds 2011/11/29 v0.20 Utility functions of pdfTeX for LuaTeX (HO
)
Package pdftexcmds Info: LuaTeX not detected.
Package pdftexcmds Info: \pdf@primitive is available.
Package pdftexcmds Info: \pdf@ifprimitive is available.
Package pdftexcmds Info: \pdfdraftmode found.
Package: pdfescape 2011/11/25 v1.13 Implements pdfTeX's escape features (HO)
Package: bigintcalc 2012/04/08 v1.3 Expandable calculations on big integers (HO
)
Package: bitset 2011/01/30 v1.1 Handle bit-vector datatype (HO)
Package: uniquecounter 2011/01/30 v1.2 Provide unlimited unique counter (HO)
)
Package hobsub Info: Skipping package `hobsub' (already loaded).
Package: letltxmacro 2010/09/02 v1.4 Let assignment for LaTeX macros (HO)
Package: hopatch 2012/05/28 v1.2 Wrapper for package hooks (HO)
Package: xcolor-patch 2011/01/30 xcolor patch
Package: atveryend 2011/06/30 v1.8 Hooks at the very end of document (HO)
Package atveryend Info: \enddocument detected (standard20110627).
Package: atbegshi 2011/10/05 v1.16 At begin shipout hook (HO)
Package: refcount 2011/10/16 v3.4 Data extraction from label references (HO)
Package: hycolor 2011/01/30 v1.7 Color options for hyperref/bookmark (HO)
)
(c:/texlive/2015/texmf-dist/tex/latex/oberdiek/auxhook.sty
Package: auxhook 2011/03/04 v1.3 Hooks for auxiliary files (HO)


Package auxhook Warning: Cannot patch \document,
(auxhook)                using \AtBeginDocument instead.

) (c:/texlive/2015/texmf-dist/tex/latex/oberdiek/kvoptions.sty
Package: kvoptions 2011/06/30 v3.11 Key value format for package options (HO)
)
\@linkdim=\dimen115
\Hy@linkcounter=\count91
\Hy@pagecounter=\count92

(c:/texlive/2015/texmf-dist/tex/latex/hyperref/pd1enc.def
File: pd1enc.def 2012/11/06 v6.83m Hyperref: PDFDocEncoding definition (HO)
)
\Hy@SavedSpaceFactor=\count93

(c:/texlive/2015/texmf-dist/tex/latex/latexconfig/hyperref.cfg
File: hyperref.cfg 2002/06/06 v1.2 hyperref configuration of TeXLive
)
Package hyperref Info: Option `colorlinks' set `true' on input line 4319.
Package hyperref Info: Option `CJKbookmarks' set `true' on input line 4319.
Package hyperref Info: Hyper figures OFF on input line 4443.
Package hyperref Info: Link nesting OFF on input line 4448.
Package hyperref Info: Hyper index ON on input line 4451.
Package hyperref Info: Plain pages OFF on input line 4458.
Package hyperref Info: Backreferencing OFF on input line 4463.
Package hyperref Info: Implicit mode ON; LaTeX internals redefined.
Package hyperref Info: Bookmarks ON on input line 4688.
\c@Hy@tempcnt=\count94

(c:/texlive/2015/texmf-dist/tex/latex/url/url.sty
\Urlmuskip=\muskip10
Package: url 2013/09/16  ver 3.4  Verb mode for urls, etc.
)
LaTeX Info: Redefining \url on input line 5041.
\XeTeXLinkMargin=\dimen116
\Fld@menulength=\count95
\Field@Width=\dimen117
\Fld@charsize=\dimen118
Package hyperref Info: Hyper figures OFF on input line 6295.
Package hyperref Info: Link nesting OFF on input line 6300.
Package hyperref Info: Hyper index ON on input line 6303.
Package hyperref Info: backreferencing OFF on input line 6310.
Package hyperref Info: Link coloring ON on input line 6313.
Package hyperref Info: Link coloring with OCG OFF on input line 6320.
Package hyperref Info: PDF/A mode OFF on input line 6325.
LaTeX Info: Redefining \ref on input line 6365.
LaTeX Info: Redefining \pageref on input line 6369.
\Hy@abspage=\count96
\c@Item=\count97
\c@Hfootnote=\count98
)

Package hyperref Message: Driver (autodetected): hpdftex.

(c:/texlive/2015/texmf-dist/tex/latex/hyperref/hpdftex.def
File: hpdftex.def 2012/11/06 v6.83m Hyperref driver for pdfTeX
\Fld@listcount=\count99
\c@bookmark@seq@number=\count100

(c:/texlive/2015/texmf-dist/tex/latex/oberdiek/rerunfilecheck.sty
Package: rerunfilecheck 2011/04/15 v1.7 Rerun checks for auxiliary files (HO)
Package uniquecounter Info: New unique counter `rerunfilecheck' on input line 2
82.
)
\Hy@SectionHShift=\skip45
)
(c:/texlive/2015/texmf-dist/tex/latex/cjk/texinput/CJK.sty
Package: CJK 2015/04/18 4.8.4

(c:/texlive/2015/texmf-dist/tex/latex/cjk/texinput/mule/MULEenc.sty
Package: MULEenc 2015/04/18 4.8.4
)
(c:/texlive/2015/texmf-dist/tex/latex/cjk/texinput/CJK.enc
File: CJK.enc 2015/04/18 4.8.4
)
LaTeX Info: Redefining \selectfont on input line 755.
\CJK@indent=\box26
)
(c:/texlive/2015/texmf-dist/tex/latex/cjk/texinput/utf8/UTF8.bdg
File: UTF8.bdg 2015/04/18 4.8.4
)
(c:/texlive/2015/texmf-dist/tex/latex/cjk/texinput/utf8/UTF8.enc
File: UTF8.enc 2015/04/18 4.8.4
)
(c:/texlive/2015/texmf-dist/tex/latex/cjk/texinput/utf8/UTF8.chr
File: UTF8.chr 2015/04/18 4.8.4
)
(./Jonah.Resume.aux)
\openout1 = `Jonah.Resume.aux'.

LaTeX Font Info:    Checking defaults for OML/cmm/m/it on input line 20.
LaTeX Font Info:    ... okay on input line 20.
LaTeX Font Info:    Checking defaults for T1/cmr/m/n on input line 20.
LaTeX Font Info:    ... okay on input line 20.
LaTeX Font Info:    Checking defaults for OT1/cmr/m/n on input line 20.
LaTeX Font Info:    ... okay on input line 20.
LaTeX Font Info:    Checking defaults for OMS/cmsy/m/n on input line 20.
LaTeX Font Info:    ... okay on input line 20.
LaTeX Font Info:    Checking defaults for OMX/cmex/m/n on input line 20.
LaTeX Font Info:    ... okay on input line 20.
LaTeX Font Info:    Checking defaults for U/cmr/m/n on input line 20.
LaTeX Font Info:    ... okay on input line 20.
LaTeX Font Info:    Checking defaults for PD1/pdf/m/n on input line 20.
LaTeX Font Info:    ... okay on input line 20.
LaTeX Font Info:    Checking defaults for C00/song/m/n on input line 20.
LaTeX Font Info:    ... okay on input line 20.
LaTeX Font Info:    Checking defaults for C05/song/m/n on input line 20.
LaTeX Font Info:    ... okay on input line 20.
LaTeX Font Info:    Checking defaults for C09/song/m/n on input line 20.
LaTeX Font Info:    ... okay on input line 20.
LaTeX Font Info:    Checking defaults for C10/song/m/n on input line 20.
LaTeX Font Info:    ... okay on input line 20.
LaTeX Font Info:    Checking defaults for C20/song/m/n on input line 20.
LaTeX Font Info:    ... okay on input line 20.
LaTeX Font Info:    Checking defaults for C19/song/m/n on input line 20.
LaTeX Font Info:    ... okay on input line 20.
LaTeX Font Info:    Checking defaults for C40/song/m/n on input line 20.
LaTeX Font Info:    ... okay on input line 20.
LaTeX Font Info:    Checking defaults for C42/song/m/n on input line 20.
LaTeX Font Info:    ... okay on input line 20.
LaTeX Font Info:    Checking defaults for C43/song/m/n on input line 20.
LaTeX Font Info:    ... okay on input line 20.
LaTeX Font Info:    Checking defaults for C50/song/m/n on input line 20.
LaTeX Font Info:    ... okay on input line 20.
LaTeX Font Info:    Checking defaults for C52/song/m/n on input line 20.
LaTeX Font Info:    ... okay on input line 20.
LaTeX Font Info:    Checking defaults for C49/song/m/n on input line 20.
LaTeX Font Info:    ... okay on input line 20.
LaTeX Font Info:    Checking defaults for C60/mj/m/n on input line 20.
LaTeX Font Info:    ... okay on input line 20.
LaTeX Font Info:    Checking defaults for C61/mj/m/n on input line 20.
LaTeX Font Info:    ... okay on input line 20.
LaTeX Font Info:    Checking defaults for C63/mj/m/n on input line 20.
LaTeX Font Info:    ... okay on input line 20.
LaTeX Font Info:    Checking defaults for C64/mj/m/n on input line 20.
LaTeX Font Info:    ... okay on input line 20.
LaTeX Font Info:    Checking defaults for C65/mj/m/n on input line 20.
LaTeX Font Info:    ... okay on input line 20.
LaTeX Font Info:    Checking defaults for C70/song/m/n on input line 20.
LaTeX Font Info:    ... okay on input line 20.
LaTeX Font Info:    Checking defaults for C31/song/m/n on input line 20.
LaTeX Font Info:    ... okay on input line 20.
LaTeX Font Info:    Checking defaults for C32/song/m/n on input line 20.
LaTeX Font Info:    ... okay on input line 20.
LaTeX Font Info:    Checking defaults for C33/song/m/n on input line 20.
LaTeX Font Info:    ... okay on input line 20.
LaTeX Font Info:    Checking defaults for C34/song/m/n on input line 20.
LaTeX Font Info:    ... okay on input line 20.
LaTeX Font Info:    Checking defaults for C35/song/m/n on input line 20.
LaTeX Font Info:    ... okay on input line 20.
LaTeX Font Info:    Checking defaults for C36/song/m/n on input line 20.
LaTeX Font Info:    ... okay on input line 20.
LaTeX Font Info:    Checking defaults for C37/song/m/n on input line 20.
LaTeX Font Info:    ... okay on input line 20.
LaTeX Font Info:    Checking defaults for C80/song/m/n on input line 20.
LaTeX Font Info:    ... okay on input line 20.
LaTeX Font Info:    Checking defaults for C81/song/m/n on input line 20.
LaTeX Font Info:    ... okay on input line 20.
LaTeX Font Info:    Checking defaults for C01/song/m/n on input line 20.
LaTeX Font Info:    ... okay on input line 20.
LaTeX Font Info:    Checking defaults for C11/song/m/n on input line 20.
LaTeX Font Info:    ... okay on input line 20.
LaTeX Font Info:    Checking defaults for C21/song/m/n on input line 20.
LaTeX Font Info:    ... okay on input line 20.
LaTeX Font Info:    Checking defaults for C41/song/m/n on input line 20.
LaTeX Font Info:    ... okay on input line 20.
LaTeX Font Info:    Checking defaults for C62/song/m/n on input line 20.
LaTeX Font Info:    ... okay on input line 20.
LaTeX Font Info:    Try loading font information for T1+lmr on input line 20.
 (c:/texlive/2015/texmf-dist/tex/latex/lm/t1lmr.fd
File: t1lmr.fd 2009/10/30 v1.6 Font defs for Latin Modern
)
*geometry* driver: auto-detecting
*geometry* detected driver: pdftex
*geometry* verbose mode - [ preamble ] result:
* driver: pdftex
* paper: <default>
* layout: <same size as paper>
* layoutoffset:(h,v)=(0.0pt,0.0pt)
* modes: 
* h-part:(L,W,R)=(54.2025pt, 505.89pt, 54.2025pt)
* v-part:(T,H,B)=(43.36243pt, 708.24513pt, 43.36243pt)
* \paperwidth=614.295pt
* \paperheight=794.96999pt
* \textwidth=505.89pt
* \textheight=708.24513pt
* \oddsidemargin=-18.06749pt
* \evensidemargin=-18.06749pt
* \topmargin=-65.90756pt
* \headheight=12.0pt
* \headsep=25.0pt
* \topskip=11.0pt
* \footskip=30.0pt
* \marginparwidth=59.0pt
* \marginparsep=10.0pt
* \columnsep=10.0pt
* \skip\footins=10.0pt plus 4.0pt minus 2.0pt
* \hoffset=0.0pt
* \voffset=0.0pt
* \mag=1000
* \@twocolumnfalse
* \@twosidefalse
* \@mparswitchfalse
* \@reversemarginfalse
* (1in=72.27pt=25.4mm, 1cm=28.453pt)

(c:/texlive/2015/texmf-dist/tex/context/base/supp-pdf.mkii
[Loading MPS to PDF converter (version 2006.09.02).]
\scratchcounter=\count101
\scratchdimen=\dimen119
\scratchbox=\box27
\nofMPsegments=\count102
\nofMParguments=\count103
\everyMPshowfont=\toks17
\MPscratchCnt=\count104
\MPscratchDim=\dimen120
\MPnumerator=\count105
\makeMPintoPDFobject=\count106
\everyMPtoPDFconversion=\toks18
) (c:/texlive/2015/texmf-dist/tex/latex/oberdiek/epstopdf-base.sty
Package: epstopdf-base 2010/02/09 v2.5 Base part for package epstopdf

(c:/texlive/2015/texmf-dist/tex/latex/oberdiek/grfext.sty
Package: grfext 2010/08/19 v1.1 Manage graphics extensions (HO)
)
Package grfext Info: Graphics extension search list:
(grfext)             [.png,.pdf,.jpg,.mps,.jpeg,.jbig2,.jb2,.PNG,.PDF,.JPG,.JPE
G,.JBIG2,.JB2,.eps]
(grfext)             \AppendGraphicsExtensions on input line 452.

(c:/texlive/2015/texmf-dist/tex/latex/latexconfig/epstopdf-sys.cfg
File: epstopdf-sys.cfg 2010/07/13 v1.3 Configuration of (r)epstopdf for TeX Liv
e
))
\AtBeginShipoutBox=\box28

(c:/texlive/2015/texmf-dist/tex/latex/graphics/color.sty
Package: color 2014/10/28 v1.1a Standard LaTeX Color (DPC)

(c:/texlive/2015/texmf-dist/tex/latex/latexconfig/color.cfg
File: color.cfg 2007/01/18 v1.5 color configuration of teTeX/TeXLive
)
Package color Info: Driver file: pdftex.def on input line 142.
)
Package hyperref Info: Link coloring ON on input line 20.

(c:/texlive/2015/texmf-dist/tex/latex/hyperref/nameref.sty
Package: nameref 2012/10/27 v2.43 Cross-referencing by name of section

(c:/texlive/2015/texmf-dist/tex/generic/oberdiek/gettitlestring.sty
Package: gettitlestring 2010/12/03 v1.4 Cleanup title references (HO)
)
\c@section@level=\count107
)
LaTeX Info: Redefining \ref on input line 20.
LaTeX Info: Redefining \pageref on input line 20.
LaTeX Info: Redefining \nameref on input line 20.

(./Jonah.Resume.out) (./Jonah.Resume.out)
\@outlinefile=\write3
\openout3 = `Jonah.Resume.out'.


<images/name.pdf, id=4, 48.18pt x 18.0675pt>
File: images/name.pdf Graphic file (type pdf)
 <use images/name.pdf>
Package pdftex.def Info: images/name.pdf used on input line 23.
(pdftex.def)             Requested size: 57.81567pt x 21.68086pt.
LaTeX Font Info:    Try loading font information for C70+gbsn on input line 34.


(c:/texlive/2015/texmf-dist/tex/latex/cjk/texinput/utf8/c70gbsn.fd
File: c70gbsn.fd 2015/04/18 4.8.4
)
(c:/texlive/2015/texmf-dist/tex/latex/cjk/texinput/utf8/c70gbsn.fdx
File: c70gbsn.fdx 2015/04/18 4.8.4
)
Underfull \hbox (badness 10000) in paragraph at lines 35--38

 []


Underfull \hbox (badness 10000) in paragraph at lines 40--42

 []


LaTeX Font Warning: Font shape `C70/gbsn/m/it' undefined
(Font)              using `C70/gbsn/m/n' instead on input line 51.

LaTeX Font Info:    Try loading font information for OT1+lmr on input line 52.
(c:/texlive/2015/texmf-dist/tex/latex/lm/ot1lmr.fd
File: ot1lmr.fd 2009/10/30 v1.6 Font defs for Latin Modern
)
LaTeX Font Info:    Try loading font information for OML+lmm on input line 52.

(c:/texlive/2015/texmf-dist/tex/latex/lm/omllmm.fd
File: omllmm.fd 2009/10/30 v1.6 Font defs for Latin Modern
)
LaTeX Font Info:    Try loading font information for OMS+lmsy on input line 52.


(c:/texlive/2015/texmf-dist/tex/latex/lm/omslmsy.fd
File: omslmsy.fd 2009/10/30 v1.6 Font defs for Latin Modern
)
LaTeX Font Info:    Try loading font information for OMX+lmex on input line 52.


(c:/texlive/2015/texmf-dist/tex/latex/lm/omxlmex.fd
File: omxlmex.fd 2009/10/30 v1.6 Font defs for Latin Modern
)
LaTeX Font Info:    External font `lmex10' loaded for size
(Font)              <10.95> on input line 52.
LaTeX Font Info:    External font `lmex10' loaded for size
(Font)              <8> on input line 52.
LaTeX Font Info:    External font `lmex10' loaded for size
(Font)              <6> on input line 52.

Overfull \hbox (18.98466pt too wide) in paragraph at lines 75--76
[]\C70/gbsn/m/n/10.95/4f ^^? \C70/gbsn/m/n/10.95/75 (\T1/lmr/m/n/10.95 Logistic
 Re-gres-sion(LR)\C70/gbsn/m/n/10.95/54 Œ\T1/lmr/m/n/10.95 Random Forests(RF)\C
70/gbsn/m/n/10.95/7b — \C70/gbsn/m/n/10.95/6c Õ \C70/gbsn/bx/n/10.95/5e ú \C70/
gbsn/m/it/10.95/7a Ë \C70/gbsn/m/n/10.95/5b U \C70/gbsn/m/n/10.95/59 ‡ \C70/gbs
n/m/n/10.95/5b U \C70/gbsn/bx/n/10.95/67 ^^_ \C70/gbsn/m/n/10.95/51 ú \C70/gbsn
/m/n/10.95/73 ° \C70/gbsn/m/n/10.95/9a Ø \C70/gbsn/bx/n/10.95/53 q \C70/gbsn/m/
n/10.95/9a Ø \C70/gbsn/m/n/10.95/88 @ \C70/gbsn/bx/n/10.95/53 ‹ \C70/gbsn/m/n/1
0.95/4e å \C70/gbsn/bx/n/10.95/53 Ê \T1/lmr/m/n/10.95 preeclamp-
 []

[1

{c:/texlive/2015/texmf-var/fonts/map/pdftex/updmap/pdftex.map} <./images/name.p
df>]
LaTeX Font Info:    Try loading font information for OMS+lmr on input line 112.

 (c:/texlive/2015/texmf-dist/tex/latex/lm/omslmr.fd
File: omslmr.fd 2009/10/30 v1.6 Font defs for Latin Modern
)
LaTeX Font Info:    Font shape `OMS/lmr/m/n' in size <10.95> not available
(Font)              Font shape `OMS/lmsy/m/n' tried instead on input line 112.

Overfull \hbox (6.60146pt too wide) in paragraph at lines 112--113
[]\C70/gbsn/m/n/10.95/71 Ÿ \C70/gbsn/bx/n/10.95/7e Ã \C70/gbsn/m/n/10.95/63 Œ á
 \C70/gbsn/m/n/10.95/54 ^^D \C70/gbsn/m/n/10.95/79 Í \C70/gbsn/bx/n/10.95/67 : 
\C70/gbsn/m/n/10.95/56 h \C70/gbsn/m/n/10.95/5b f \C70/gbsn/m/n/10.95/4e ` \C70
/gbsn/m/n/10.95/7b — \C70/gbsn/m/n/10.95/6c Õ \C70/gbsn/m/n/10.95/ff ^^L \C70/g
bsn/bx/n/10.95/53 ^^E \C70/gbsn/bx/n/10.95/62 ì \C70/gbsn/m/n/10.95/56 Þ \C70/g
bsn/m/n/10.95/5f R \C70/gbsn/m/n/10.95/54 Œ \C70/gbsn/m/it/10.95/52 ^^F \C70/gb
sn/m/n/10.95/7c {\T1/lmr/m/n/10.95 (LR\C70/gbsn/m/n/10.95/ff ^^L\T1/lmr/m/n/10.
95 LAR\C70/gbsn/m/n/10.95/ff ^^L\T1/lmr/m/n/10.95 DT\C70/gbsn/m/n/10.95/ff ^^L\
T1/lmr/m/n/10.95 SVM\C70/gbsn/m/n/10.95/7b I\T1/lmr/m/n/10.95 )\C70/gbsn/m/n/10
.95/ff ^^L \C70/gbsn/m/n/10.95/80 Z \C70/gbsn/m/n/10.95/7c {\T1/lmr/m/n/10.95 (
kNN\C70/gbsn/m/n/10.95/ff ^^L\T1/lmr/m/n/10.95 kMeans)\C70/gbsn/m/n/10.95/ff ^^
L
 []

LaTeX Font Info:    Font shape `OMS/lmr/m/n' in size <10> not available
(Font)              Font shape `OMS/lmsy/m/n' tried instead on input line 132.
Package atveryend Info: Empty hook `BeforeClearDocument' on input line 174.
[2]
Package atveryend Info: Empty hook `AfterLastShipout' on input line 174.
 (./Jonah.Resume.aux)
Package atveryend Info: Executing hook `AtVeryEndDocument' on input line 174.
Package atveryend Info: Executing hook `AtEndAfterFileList' on input line 174.
Package rerunfilecheck Info: File `Jonah.Resume.out' has not changed.
(rerunfilecheck)             Checksum: D41D8CD98F00B204E9800998ECF8427E;0.


LaTeX Font Warning: Some font shapes were not available, defaults substituted.

Package atveryend Info: Empty hook `AtVeryVeryEnd' on input line 174.
 ) 
Here is how much of TeX's memory you used:
 7445 strings out of 493054
 108181 string characters out of 6138326
 210798 words of memory out of 5000000
 10788 multiletter control sequences out of 15000+600000
 59947 words of font info for 99 fonts, out of 8000000 for 9000
 1141 hyphenation exceptions out of 8191
 29i,8n,26p,389b,1762s stack positions out of 5000i,500n,10000p,200000b,80000s
{c:/texlive/2015/texmf-dist/fonts/enc/dvips/lm/lm-ec.enc}{c:/texlive/2015/tex
mf-dist/fonts/enc/dvips/lm/lm-mathsy.enc}<c:/texlive/2015/texmf-dist/fonts/type
1/arphic/gbsnu/gbsnu20.pfb><c:/texlive/2015/texmf-dist/fonts/type1/arphic/gbsnu
/gbsnu30.pfb><c:/texlive/2015/texmf-dist/fonts/type1/arphic/gbsnu/gbsnu4e.pfb><
c:/texlive/2015/texmf-dist/fonts/type1/arphic/gbsnu/gbsnu4f.pfb><c:/texlive/201
5/texmf-dist/fonts/type1/arphic/gbsnu/gbsnu50.pfb><c:/texlive/2015/texmf-dist/f
onts/type1/arphic/gbsnu/gbsnu51.pfb><c:/texlive/2015/texmf-dist/fonts/type1/arp
hic/gbsnu/gbsnu52.pfb><c:/texlive/2015/texmf-dist/fonts/type1/arphic/gbsnu/gbsn
u53.pfb><c:/texlive/2015/texmf-dist/fonts/type1/arphic/gbsnu/gbsnu54.pfb><c:/te
xlive/2015/texmf-dist/fonts/type1/arphic/gbsnu/gbsnu56.pfb><c:/texlive/2015/tex
mf-dist/fonts/type1/arphic/gbsnu/gbsnu57.pfb><c:/texlive/2015/texmf-dist/fonts/
type1/arphic/gbsnu/gbsnu58.pfb><c:/texlive/2015/texmf-dist/fonts/type1/arphic/g
bsnu/gbsnu59.pfb><c:/texlive/2015/texmf-dist/fonts/type1/arphic/gbsnu/gbsnu5b.p
fb><c:/texlive/2015/texmf-dist/fonts/type1/arphic/gbsnu/gbsnu5c.pfb><c:/texlive
/2015/texmf-dist/fonts/type1/arphic/gbsnu/gbsnu5d.pfb><c:/texlive/2015/texmf-di
st/fonts/type1/arphic/gbsnu/gbsnu5e.pfb><c:/texlive/2015/texmf-dist/fonts/type1
/arphic/gbsnu/gbsnu5f.pfb><c:/texlive/2015/texmf-dist/fonts/type1/arphic/gbsnu/
gbsnu60.pfb><c:/texlive/2015/texmf-dist/fonts/type1/arphic/gbsnu/gbsnu62.pfb><c
:/texlive/2015/texmf-dist/fonts/type1/arphic/gbsnu/gbsnu63.pfb><c:/texlive/2015
/texmf-dist/fonts/type1/arphic/gbsnu/gbsnu65.pfb><c:/texlive/2015/texmf-dist/fo
nts/type1/arphic/gbsnu/gbsnu66.pfb><c:/texlive/2015/texmf-dist/fonts/type1/arph
ic/gbsnu/gbsnu67.pfb><c:/texlive/2015/texmf-dist/fonts/type1/arphic/gbsnu/gbsnu
68.pfb><c:/texlive/2015/texmf-dist/fonts/type1/arphic/gbsnu/gbsnu6a.pfb><c:/tex
live/2015/texmf-dist/fonts/type1/arphic/gbsnu/gbsnu6b.pfb><c:/texlive/2015/texm
f-dist/fonts/type1/arphic/gbsnu/gbsnu6c.pfb><c:/texlive/2015/texmf-dist/fonts/t
ype1/arphic/gbsnu/gbsnu6d.pfb><c:/texlive/2015/texmf-dist/fonts/type1/arphic/gb
snu/gbsnu6f.pfb><c:/texlive/2015/texmf-dist/fonts/type1/arphic/gbsnu/gbsnu71.pf
b><c:/texlive/2015/texmf-dist/fonts/type1/arphic/gbsnu/gbsnu72.pfb><c:/texlive/
2015/texmf-dist/fonts/type1/arphic/gbsnu/gbsnu73.pfb><c:/texlive/2015/texmf-dis
t/fonts/type1/arphic/gbsnu/gbsnu74.pfb><c:/texlive/2015/texmf-dist/fonts/type1/
arphic/gbsnu/gbsnu75.pfb><c:/texlive/2015/texmf-dist/fonts/type1/arphic/gbsnu/g
bsnu76.pfb><c:/texlive/2015/texmf-dist/fonts/type1/arphic/gbsnu/gbsnu77.pfb><c:
/texlive/2015/texmf-dist/fonts/type1/arphic/gbsnu/gbsnu78.pfb><c:/texlive/2015/
texmf-dist/fonts/type1/arphic/gbsnu/gbsnu79.pfb><c:/texlive/2015/texmf-dist/fon
ts/type1/arphic/gbsnu/gbsnu7a.pfb><c:/texlive/2015/texmf-dist/fonts/type1/arphi
c/gbsnu/gbsnu7b.pfb><c:/texlive/2015/texmf-dist/fonts/type1/arphic/gbsnu/gbsnu7
c.pfb><c:/texlive/2015/texmf-dist/fonts/type1/arphic/gbsnu/gbsnu7e.pfb><c:/texl
ive/2015/texmf-dist/fonts/type1/arphic/gbsnu/gbsnu7f.pfb><c:/texlive/2015/texmf
-dist/fonts/type1/arphic/gbsnu/gbsnu80.pfb><c:/texlive/2015/texmf-dist/fonts/ty
pe1/arphic/gbsnu/gbsnu81.pfb><c:/texlive/2015/texmf-dist/fonts/type1/arphic/gbs
nu/gbsnu83.pfb><c:/texlive/2015/texmf-dist/fonts/type1/arphic/gbsnu/gbsnu86.pfb
><c:/texlive/2015/texmf-dist/fonts/type1/arphic/gbsnu/gbsnu88.pfb><c:/texlive/2
015/texmf-dist/fonts/type1/arphic/gbsnu/gbsnu89.pfb><c:/texlive/2015/texmf-dist
/fonts/type1/arphic/gbsnu/gbsnu8a.pfb><c:/texlive/2015/texmf-dist/fonts/type1/a
rphic/gbsnu/gbsnu8b.pfb><c:/texlive/2015/texmf-dist/fonts/type1/arphic/gbsnu/gb
snu8c.pfb><c:/texlive/2015/texmf-dist/fonts/type1/arphic/gbsnu/gbsnu8f.pfb><c:/
texlive/2015/texmf-dist/fonts/type1/arphic/gbsnu/gbsnu90.pfb><c:/texlive/2015/t
exmf-dist/fonts/type1/arphic/gbsnu/gbsnu91.pfb><c:/texlive/2015/texmf-dist/font
s/type1/arphic/gbsnu/gbsnu95.pfb><c:/texlive/2015/texmf-dist/fonts/type1/arphic
/gbsnu/gbsnu96.pfb><c:/texlive/2015/texmf-dist/fonts/type1/arphic/gbsnu/gbsnu97
.pfb><c:/texlive/2015/texmf-dist/fonts/type1/arphic/gbsnu/gbsnu98.pfb><c:/texli
ve/2015/texmf-dist/fonts/type1/arphic/gbsnu/gbsnu9a.pfb><c:/texlive/2015/texmf-
dist/fonts/type1/arphic/gbsnu/gbsnu9f.pfb><c:/texlive/2015/texmf-dist/fonts/typ
e1/arphic/gbsnu/gbsnuff.pfb><c:/texlive/2015/texmf-dist/fonts/type1/public/lm/l
mbx10.pfb><c:/texlive/2015/texmf-dist/fonts/type1/public/lm/lmr10.pfb><c:/texli
ve/2015/texmf-dist/fonts/type1/public/lm/lmri10.pfb><c:/texlive/2015/texmf-dist
/fonts/type1/public/lm/lmsy10.pfb>
Output written on Jonah.Resume.pdf (2 pages, 347038 bytes).
PDF statistics:
 324 PDF objects out of 1000 (max. 8388607)
 246 compressed objects within 3 object streams
 18 named destinations out of 1000 (max. 500000)
 6 words of extra memory for PDF output out of 10000 (max. 10000000)

